<?xml version="1.0" encoding="UTF-8"?>
<!-- Generated by org.testng.reporters.JUnitReportReporter -->
<testsuite skipped="0" hostname="Home" name="com.salesforce.testcases.RandomScenarios" tests="1" failures="0" timestamp="2023-03-29T09:40:58 PDT" time="24.151" errors="0">
  <testcase name="testcase34" time="24.151" classname="com.salesforce.testcases.RandomScenarios"/>
  <system-out/>
</testsuite> <!-- com.salesforce.testcases.RandomScenarios -->
