<?xml version="1.0" encoding="UTF-8"?>
<!-- Generated by org.testng.reporters.JUnitReportReporter -->
<testsuite skipped="0" hostname="Home" name="com.salesforce.testcases.HomePageTestcase" tests="1" failures="0" timestamp="2023-03-29T08:29:23 PDT" time="8.043" errors="0">
  <testcase name="TestCase10" time="8.043" classname="com.salesforce.testcases.HomePageTestcase"/>
  <system-out/>
</testsuite> <!-- com.salesforce.testcases.HomePageTestcase -->
