<?xml version="1.0" encoding="UTF-8"?>
<!-- Generated by org.testng.reporters.JUnitReportReporter -->
<testsuite skipped="0" hostname="Home" name="com.salesforce.testcases.CreateAccountTestcases" tests="1" failures="0" timestamp="2023-03-30T09:06:56 PDT" time="23.186" errors="0">
  <testcase name="Testcase14" time="23.186" classname="com.salesforce.testcases.CreateAccountTestcases"/>
  <system-out/>
</testsuite> <!-- com.salesforce.testcases.CreateAccountTestcases -->
