<?xml version="1.0" encoding="UTF-8"?>
<!-- Generated by org.testng.reporters.JUnitReportReporter -->
<testsuite skipped="0" hostname="Home" name="com.salesforce.testcases.RemindMeLaterTestcases" tests="1" failures="0" timestamp="2023-03-29T08:13:33 PDT" time="9.547" errors="0">
  <testcase name="clickRemindMeLater" time="9.547" classname="com.salesforce.testcases.RemindMeLaterTestcases"/>
  <system-out/>
</testsuite> <!-- com.salesforce.testcases.RemindMeLaterTestcases -->
