<?xml version="1.0" encoding="UTF-8"?>
<!-- Generated by org.testng.reporters.JUnitReportReporter -->
<testsuite skipped="0" hostname="Home" name="com.salesforce.testcases.LeadsTestcases" tests="1" failures="0" timestamp="2023-03-29T09:07:14 PDT" time="19.367" errors="0">
  <testcase name="testcase24" time="19.367" classname="com.salesforce.testcases.LeadsTestcases"/>
  <system-out/>
</testsuite> <!-- com.salesforce.testcases.LeadsTestcases -->
