<?xml version="1.0" encoding="UTF-8"?>
<!-- Generated by org.testng.reporters.JUnitReportReporter -->
<testsuite skipped="0" hostname="Home" name="com.salesforce.testcases.LoginTestcases" tests="4" failures="0" timestamp="2023-03-30T13:11:32 PDT" time="16.127" errors="0">
  <testcase name="checkRememberMe" time="4.549" classname="com.salesforce.testcases.LoginTestcases"/>
  <system-out/>
  <testcase name="forgotPassword" time="3.060" classname="com.salesforce.testcases.LoginTestcases"/>
  <system-out/>
  <testcase name="checkLoginError" time="3.300" classname="com.salesforce.testcases.LoginTestcases"/>
  <system-out/>
  <testcase name="logIn" time="5.218" classname="com.salesforce.testcases.LoginTestcases"/>
  <system-out/>
</testsuite> <!-- com.salesforce.testcases.LoginTestcases -->
