<?xml version="1.0" encoding="UTF-8"?>
<!-- Generated by org.testng.reporters.JUnitReportReporter -->
<testsuite hostname="Home" failures="0" tests="1" name="com.salesforce.testcases.EmailConfirmTestcases" time="5.664" errors="0" timestamp="2023-03-16T21:50:08 PDT" skipped="0">
  <testcase classname="com.salesforce.testcases.EmailConfirmTestcases" name="validateForgotPassword" time="5.664"/>
  <system-out/>
</testsuite> <!-- com.salesforce.testcases.EmailConfirmTestcases -->
