<?xml version="1.0" encoding="UTF-8"?>
<!-- Generated by org.testng.reporters.JUnitReportReporter -->
<testsuite skipped="0" hostname="Home" name="com.salesforce.testcases.ForgotPasswordTestcases" tests="1" failures="0" timestamp="2023-03-29T08:15:17 PDT" time="4.546" errors="0">
  <testcase name="enterUserName" time="4.546" classname="com.salesforce.testcases.ForgotPasswordTestcases"/>
  <system-out/>
</testsuite> <!-- com.salesforce.testcases.ForgotPasswordTestcases -->
