<?xml version="1.0" encoding="UTF-8"?>
<!-- Generated by org.testng.reporters.JUnitReportReporter -->
<testsuite skipped="0" hostname="Home" name="com.salesforce.testcases.CreateOptyTestcases" tests="1" failures="0" timestamp="2023-04-10T12:32:36 PDT" time="23.041" errors="0">
  <testcase name="Testcase16" time="23.041" classname="com.salesforce.testcases.CreateOptyTestcases"/>
  <system-out/>
</testsuite> <!-- com.salesforce.testcases.CreateOptyTestcases -->
