<?xml version="1.0" encoding="UTF-8"?>
<!-- Generated by org.testng.reporters.JUnitReportReporter -->
<testsuite skipped="0" hostname="Home" name="com.salesforce.testcases.ContactTestcases" tests="1" failures="0" timestamp="2023-03-30T13:11:32 PDT" time="14.592" errors="0">
  <testcase name="testCase29" time="14.592" classname="com.salesforce.testcases.ContactTestcases"/>
  <system-out/>
</testsuite> <!-- com.salesforce.testcases.ContactTestcases -->
