<?xml version="1.0" encoding="UTF-8"?>
<!-- Generated by org.testng.reporters.JUnitReportReporter -->
<testsuite skipped="0" hostname="Home" name="com.salesforce.testcases.LoginTestcases" tests="1" failures="0" timestamp="2023-03-27T18:53:23 PDT" time="4.124" errors="0">
  <testcase name="logIn" time="4.124" classname="com.salesforce.testcases.LoginTestcases"/>
  <system-out/>
</testsuite> <!-- com.salesforce.testcases.LoginTestcases -->
